[10/30/22-10-2022:20-56-10/30/22] Artemis: TestLog
[10/30/22-10-2022:20-57-10/30/22] Artemis: TestLog
[20:58:33] Artemis: TestLog
[20:58:39] Artemis: TestLog
[21:01:51] Artemis: TestLog
[21:01:51] Artemis: Test Error
[21:01:51] Artemis: Test Error
[21:07:24] Artemis: TestLog
[21:07:24] Artemis: Test Error
[21:07:24] Artemis: Test Warn
[23:38:07] Artemis: TestLog
[23:38:07] Artemis: Test Error
[23:38:07] Artemis: Test Warn
[23:18:37] Artemis: false
[23:20:03] Artemis: Assert: false failed
[23:22:43] Artemis: Assert: false; Line: 15; File: C:\dev\Artemis\Artemis\Artemis\src\Core\Application.cpp failed
[23:23:15] Artemis: Assert: false; Line: 15; File: C:\dev\Artemis\Artemis\Artemis\src\Core\Application.cpp failed
[23:24:39] Artemis: Assert "false" failed! ; [C:\dev\Artemis\Artemis\Artemis\src\Core\Application.cpp:15]
[23:25:06] Artemis: Assert "true" passed! [C:\dev\Artemis\Artemis\Artemis\src\Core\Application.cpp:15]
[23:25:34]  : Assert "true" passed! [C:\dev\Artemis\Artemis\Artemis\src\Core\Application.cpp:15]
[23:25:41]  : Assert "true" passed! [C:\dev\Artemis\Artemis\Artemis\src\Core\Application.cpp:15]
[23:26:02] [Artemis]: Assert "true" passed! [C:\dev\Artemis\Artemis\Artemis\src\Core\Application.cpp:15]
[23:26:36] Assert "true" passed! [C:\dev\Artemis\Artemis\Artemis\src\Core\Application.cpp:15]
[Artemis] [23:27:03] Assert "true" passed! [C:\dev\Artemis\Artemis\Artemis\src\Core\Application.cpp:15]
Artemis: [23:27:16] Assert "true" passed! [C:\dev\Artemis\Artemis\Artemis\src\Core\Application.cpp:15]
Artemis: [23:37:45] Assert "true" passed! [C:\dev\Artemis\Artemis\Artemis\src\Core\Application.cpp:15]
Artemis: [23:48:28] Assert "true" passed! [C:\dev\Artemis\Artemis\Artemis\src\Core\Application.cpp:15]
Artemis: [18:49:27] Assert "true" passed! [C:\dev\Artemis\Artemis\Artemis\src\Core\Application.cpp:15]
Artemis: [18:59:22] Assert "true" passed! [C:\dev\Artemis\Artemis\Artemis\src\Core\Application.cpp:15]
Artemis: [19:19:10] Assert "app" passed! [C:\dev\Artemis\Artemis\Artemis\src\Core\main.cpp:12]
Artemis: [19:19:10] Assert "glfwInit() == 1" passed! [C:\dev\Artemis\Artemis\Artemis\src\Platform\Windows\WindowsWindow.cpp:9]
Artemis: [19:19:11] Assert "window" passed! [C:\dev\Artemis\Artemis\Artemis\src\Platform\Windows\WindowsWindow.cpp:13]
Artemis: [19:21:11] Assert "app" passed! [C:\dev\Artemis\Artemis\Artemis\src\Core\main.cpp:12]
Artemis: [19:21:11] Assert "glfwInit() == 1" passed! [C:\dev\Artemis\Artemis\Artemis\src\Platform\Windows\WindowsWindow.cpp:9]
Artemis: [19:21:11] Assert "window" passed! [C:\dev\Artemis\Artemis\Artemis\src\Platform\Windows\WindowsWindow.cpp:13]
Artemis: [19:23:27] Assert "app" passed! [C:\dev\Artemis\Artemis\Artemis\src\Core\main.cpp:12]
Artemis: [19:23:27] Assert "glfwInit() == 1" passed! [C:\dev\Artemis\Artemis\Artemis\src\Platform\Windows\WindowsWindow.cpp:8]
Artemis: [19:23:27] Assert "window" passed! [C:\dev\Artemis\Artemis\Artemis\src\Platform\Windows\WindowsWindow.cpp:12]
Artemis: [19:24:15] Assert "app" passed! [C:\dev\Artemis\Artemis\Artemis\src\Core\main.cpp:12]
Artemis: [19:24:15] Assert "glfwInit() == 1" passed! [C:\dev\Artemis\Artemis\Artemis\src\Platform\Windows\WindowsWindow.cpp:11]
Artemis: [19:24:15] Assert "window" passed! [C:\dev\Artemis\Artemis\Artemis\src\Platform\Windows\WindowsWindow.cpp:15]
Artemis: [19:50:06] Assert "app" passed! [C:\dev\Artemis\Artemis\Artemis\src\Core\main.cpp:12]
Artemis: [19:50:07] Assert "glfwInit() == 1" passed! [C:\dev\Artemis\Artemis\Artemis\src\Platform\Windows\WindowsWindow.cpp:11]
Artemis: [19:50:07] Assert "window" passed! [C:\dev\Artemis\Artemis\Artemis\src\Platform\Windows\WindowsWindow.cpp:15]
Artemis: [19:50:07] Assert "gladLoadGL()" passed! [C:\dev\Artemis\Artemis\Artemis\src\Renderer\OpenGL\OpenGLRenderer.cpp:10]
Artemis: [19:50:47] Assert "app" passed! [C:\dev\Artemis\Artemis\Artemis\src\Core\main.cpp:12]
Artemis: [19:50:47] Assert "glfwInit() == 1" passed! [C:\dev\Artemis\Artemis\Artemis\src\Platform\Windows\WindowsWindow.cpp:11]
Artemis: [19:50:47] Assert "window" passed! [C:\dev\Artemis\Artemis\Artemis\src\Platform\Windows\WindowsWindow.cpp:15]
Artemis: [19:50:47] Assert "gladLoadGL()" passed! [C:\dev\Artemis\Artemis\Artemis\src\Renderer\OpenGL\OpenGLRenderer.cpp:10]
